[debug] [2022-04-18T11:40:44.193Z] ----------------------------------------------------------------------
[debug] [2022-04-18T11:40:44.195Z] Command:       C:\Program Files\nodejs\node.exe C:\Users\hhera\AppData\Roaming\npm\node_modules\firebase-tools\lib\bin\firebase.js deploy
[debug] [2022-04-18T11:40:44.196Z] CLI Version:   10.6.0
[debug] [2022-04-18T11:40:44.196Z] Platform:      win32
[debug] [2022-04-18T11:40:44.196Z] Node Version:  v16.13.2
[debug] [2022-04-18T11:40:44.197Z] Time:          Mon Apr 18 2022 17:40:44 GMT+0600 (Bangladesh Standard Time)
[debug] [2022-04-18T11:40:44.197Z] ----------------------------------------------------------------------
[debug] 
[debug] [2022-04-18T11:40:44.274Z] > command requires scopes: ["email","openid","https://www.googleapis.com/auth/cloudplatformprojects.readonly","https://www.googleapis.com/auth/firebase","https://www.googleapis.com/auth/cloud-platform"]
[debug] [2022-04-18T11:40:44.274Z] > authorizing via signed-in user (hhera1413@gmail.com)
[debug] [2022-04-18T11:40:44.274Z] [iam] checking project independent-service-prov-34e04 for permissions ["firebase.projects.get","firebasehosting.sites.update"]
[debug] [2022-04-18T11:40:44.276Z] > refreshing access token with scopes: []
[debug] [2022-04-18T11:40:44.276Z] >>> HTTP REQUEST POST https://www.googleapis.com/oauth2/v3/token  
 <request body omitted>
[debug] [2022-04-18T11:40:44.594Z] <<< HTTP RESPONSE 200 {"pragma":"no-cache","date":"Mon, 18 Apr 2022 11:40:44 GMT","cache-control":"no-cache, no-store, max-age=0, must-revalidate","expires":"Mon, 01 Jan 1990 00:00:00 GMT","content-type":"application/json; charset=utf-8","vary":"X-Origin, Referer, Origin,Accept-Encoding","server":"scaffolding on HTTPServer2","x-xss-protection":"0","x-frame-options":"SAMEORIGIN","x-content-type-options":"nosniff","alt-svc":"h3=\":443\"; ma=2592000,h3-29=\":443\"; ma=2592000,h3-Q050=\":443\"; ma=2592000,h3-Q046=\":443\"; ma=2592000,h3-Q043=\":443\"; ma=2592000,quic=\":443\"; ma=2592000; v=\"46,43\"","accept-ranges":"none","transfer-encoding":"chunked"}
[debug] [2022-04-18T11:40:44.614Z] >>> [apiv2][query] POST https://cloudresourcemanager.googleapis.com/v1/projects/independent-service-prov-34e04:testIamPermissions [none]
[debug] [2022-04-18T11:40:44.614Z] >>> [apiv2][body] POST https://cloudresourcemanager.googleapis.com/v1/projects/independent-service-prov-34e04:testIamPermissions {"permissions":["firebase.projects.get","firebasehosting.sites.update"]}
[debug] [2022-04-18T11:40:46.310Z] <<< [apiv2][status] POST https://cloudresourcemanager.googleapis.com/v1/projects/independent-service-prov-34e04:testIamPermissions 200
[debug] [2022-04-18T11:40:46.311Z] <<< [apiv2][body] POST https://cloudresourcemanager.googleapis.com/v1/projects/independent-service-prov-34e04:testIamPermissions {"permissions":["firebase.projects.get","firebasehosting.sites.update"]}
[debug] [2022-04-18T11:40:46.312Z] >>> [apiv2][query] GET https://firebase.googleapis.com/v1beta1/projects/independent-service-prov-34e04 [none]
[debug] [2022-04-18T11:40:46.895Z] <<< [apiv2][status] GET https://firebase.googleapis.com/v1beta1/projects/independent-service-prov-34e04 200
[debug] [2022-04-18T11:40:46.895Z] <<< [apiv2][body] GET https://firebase.googleapis.com/v1beta1/projects/independent-service-prov-34e04 {"projectId":"independent-service-prov-34e04","projectNumber":"451172344754","displayName":"Independent-service-provider","name":"projects/independent-service-prov-34e04","resources":{"hostingSite":"independent-service-prov-34e04"},"state":"ACTIVE"}
[info] 
[info] === Deploying to 'independent-service-prov-34e04'...
[info] 
[info] i  deploying hosting 
[debug] [2022-04-18T11:40:46.899Z] >>> [apiv2][query] GET https://firebase.googleapis.com/v1beta1/projects/independent-service-prov-34e04 [none]
[debug] [2022-04-18T11:40:47.437Z] <<< [apiv2][status] GET https://firebase.googleapis.com/v1beta1/projects/independent-service-prov-34e04 200
[debug] [2022-04-18T11:40:47.437Z] <<< [apiv2][body] GET https://firebase.googleapis.com/v1beta1/projects/independent-service-prov-34e04 {"projectId":"independent-service-prov-34e04","projectNumber":"451172344754","displayName":"Independent-service-provider","name":"projects/independent-service-prov-34e04","resources":{"hostingSite":"independent-service-prov-34e04"},"state":"ACTIVE"}
[debug] [2022-04-18T11:40:47.439Z] >>> [apiv2][query] POST https://firebasehosting.googleapis.com/v1beta1/projects/451172344754/sites/independent-service-prov-34e04/versions [none]
[debug] [2022-04-18T11:40:47.439Z] >>> [apiv2][body] POST https://firebasehosting.googleapis.com/v1beta1/projects/451172344754/sites/independent-service-prov-34e04/versions {"config":{"rewrites":[{"glob":"**","path":"/index.html"}]},"labels":{"deployment-tool":"cli-firebase"}}
[debug] [2022-04-18T11:40:49.560Z] <<< [apiv2][status] POST https://firebasehosting.googleapis.com/v1beta1/projects/451172344754/sites/independent-service-prov-34e04/versions 200
[debug] [2022-04-18T11:40:49.560Z] <<< [apiv2][body] POST https://firebasehosting.googleapis.com/v1beta1/projects/451172344754/sites/independent-service-prov-34e04/versions {"name":"projects/451172344754/sites/independent-service-prov-34e04/versions/cc707a528b5e3049","status":"CREATED","config":{"rewrites":[{"glob":"**","path":"/index.html"}]},"labels":{"deployment-tool":"cli-firebase"}}
[info] i  hosting[independent-service-prov-34e04]: beginning deploy... 
[info] i  hosting[independent-service-prov-34e04]: found 40 files in build 
[debug] [2022-04-18T11:40:49.582Z] [hosting] uploading with 200 concurrency
[debug] [2022-04-18T11:40:49.814Z] [hosting] hash cache [YnVpbGQ] stored for 40 files
[debug] [2022-04-18T11:40:49.814Z] [hosting][hash queue][FINAL] {"max":223,"min":6,"avg":46.750000000000014,"active":0,"complete":40,"success":40,"errored":0,"retried":0,"total":40,"elapsed":230}
[debug] [2022-04-18T11:40:49.814Z] >>> [apiv2][query] POST https://firebasehosting.googleapis.com/v1beta1/projects/451172344754/sites/independent-service-prov-34e04/versions/cc707a528b5e3049:populateFiles [none]
[debug] [2022-04-18T11:40:49.814Z] >>> [apiv2][body] POST https://firebasehosting.googleapis.com/v1beta1/projects/451172344754/sites/independent-service-prov-34e04/versions/cc707a528b5e3049:populateFiles {"files":{"/favicon.ico":"eae62e993eb980ec8a25058c39d5a51feab118bd2100c4deebb2a9c158ec11f9","/logo192.png":"3ee59515172ee198f3be375979df15ac5345183e656720a381b8872b2a39dc8b","/logo512.png":"ee7e2f3fdb8209c4b6fd7bef6ba50d1b9dba30a25bb5c3126df057e1cb6f5331","/manifest.json":"aff3449bdc238776f5d6d967f19ec491b36aed5fb7f23ccff6500736fd58494a","/robots.txt":"bfe106a3fb878dc83461c86818bf74fc1bdc7f28538ba613cd3e775516ce8b49","/asset-manifest.json":"b41b05f8e9b8a0ec12754d04f07a5f0d182450563f695b392b9eb933c0fd08eb","/index.html":"598489ace6a63c400c0dd3f69c9b2d3e40bbb64e1a13c810348e43a19ec924ef","/services.json":"35e9fc8796c9f240243d066ba87d492d35b0794f5ec23a4f6d0030871f61780c","/static/css/main.5a682727.css":"2a993f6c968e81ec233f1f92dc1fcf85753aef5c02cad8dbe6b9a330359f79c5","/static/css/main.5a682727.css.map":"1dfefbde74b3f101153c6d21c609283776641a5254d1c443386e9782673dbbfd","/static/js/main.32675557.js.LICENSE.txt":"980850d0c97fc4da1718320dcc140b4bafb239b14275f3a5d9640098e064ab8a","/static/js/787.c65ecf9c.chunk.js.map":"85ae5ff0453d5783b5cd0506719df878143e86b0c90181130444a782bb2054fd","/static/js/787.c65ecf9c.chunk.js":"178b7acd77d4bbfb2472edab66b49eacd4405e57ed2666b81dd520415e5c0a81","/static/media/col_2_6.e201c0b92d7a092d0706.jpg":"28590f73201a5f53ad964be9d5b2a4429c4ee573364c18bae7e3926296baf852","/static/media/logo.6ce24c58023cc2f8fd88fe9d219db6c6.svg":"ac1a3d8899432561573d6a5cf56459437c09b902599a1deb91c0f8d4bb40459d","/static/media/col_1_5.df1208b8e1043192ba75.jpg":"dfc65e9b735eea6273fc5677df9d08e7d644102b5d104a206204b9fbb08cf19f","/static/media/col_2_4.4715a1a8a1cb2ab75104.jpg":"66901d3ebaf90fcf54c3b694ef16e212d6dfa189f88c25b34c1294e43dfed4c5","/static/media/col_1_4.19550a8818e93316ffd6.jpg":"6de50422964a16ce6eb2cbf2a3d9e25216b2f8f38487e2864803e126249032fb","/static/media/col_2_1.7170e23ba23ead4b0857.jpg":"6279dcff81630f772cf0048177865aa2f27c729951794202145e4159553044ab","/static/media/col_1_6.116477ad1c5134f1c9b7.jpg":"4c805d38945957a698e3ef42543d0d12608e1062f5280d9680735bdde3908973","/static/media/col_2_2.13b1a162ef12d27647ff.jpg":"c603d4fb41e052371587f3036fe17ea6f0bdd8faf4675069c4cc519b9e177ba2","/static/media/col_3_4.1c404dca35aaefbfae9e.jpg":"c488e09815cd21a339b09b6cfabfd999f6cd6d5b73e88543b8e662f38c3d46ce","/static/media/col_3_5.01f06dfafb1315abd279.jpg":"fd4cc14d98da8bd35a42bae8ba319e5cabd0fb6cf3623bf96e87c47c5560b378","/static/media/col_3_3.014c2dda9e08e49566de.jpg":"6947db60a7dc65ce303884fd6bbcf99bb40a347fdd4bcc0f57035f8f855536a0","/static/media/col_3_2.3db11995edfa02e4b2f3.jpg":"9983556adb3f627ed0266e4b96ac436c7048ff91372aef94ddaa5efb41fc3c9f","/static/media/col_1_2.93088a6504d76d1fa9f0.jpg":"807f1b9649a308360dd8ed558be949bbdc6b3fea1cf12af6e9f090848e26ac2e","/static/media/col_1_3.19f1071753c53da0d481.jpg":"d1b39219e03700fea48c58aab749623845fa1b03a14524c2aa347d5b7bccffc2","/static/media/col_2_3.4c121116281df0bb4135.jpg":"8e23c344b51c690250bc64d7d1835cd2923264f7e9932cb288dc54e39a61b596","/static/media/col_2_5.30c523f984d5a979cae9.jpg":"0e89f97165e374b04806cf358d5d7a42862dd8451618842a839300fc27c02958","/static/media/col_3_6.3e4f3d76400d8885dd55.jpg":"0a66007b3bc282f434de515a3b573ce3178e32920dda392f3c826d66df6501f9","/static/media/col_3_1.d2d5c049ae74bfc2b6d8.jpg":"76f0a6e695f19bc20c02d6ead17917e06135a2306efb92198bebbefea5120ab3","/static/media/col_1_1.bcc5655fe1bbd589c9ba.jpg":"188ff859a935f0c731a585eb812a7586e9c999c87b96187606a96c1d7a02d8de","/static/js/main.32675557.js":"8a9a320bcc5ef6aa0ae942a161acbd62719916c977917711c160fe0a5c583d6f","/static/media/banner4.3072957e5d1b860eaf27.png":"fb1cfebd3231495011ca341623e0884600eb95ade182b40651bb2445453555a0","/static/media/banner3.2468ba64579b98e29212.png":"d3c5382d52331784cdcb4311378c5cb858c87072d957561035402128dfa31d5b","/static/media/banner5.adfe327716861033cb45.png":"25a33e01f2e5892c75235ac1a30651061412f13198936ac2f9085f8a5db49c6c","/static/media/banner1.784eee089a1dc0a7710c.png":"6e22f43a5f61afe0fb7c58ffe3d2bf9a3f040792977ce4797255b8066af6b051","/static/media/banner2.07ba35ee3b183b540ecd.png":"d16a9825b24fdbf0e44ac8629b7195c8558925c9990d0e7c52a20d3dc58bcc87","/static/media/banner6.41095e00b7094d6432ab.png":"3c87c0a07d78fdac3551e402590ffaa6a1601cd192c7d2b0bc72d0e186b152ca","/static/js/main.32675557.js.map":"4ba6494caeebc7ba4e97c4bc76e9a23993ef2fadb94f968baca481ccef2a0526"}}
[debug] [2022-04-18T11:40:51.683Z] <<< [apiv2][status] POST https://firebasehosting.googleapis.com/v1beta1/projects/451172344754/sites/independent-service-prov-34e04/versions/cc707a528b5e3049:populateFiles 200
[debug] [2022-04-18T11:40:51.684Z] <<< [apiv2][body] POST https://firebasehosting.googleapis.com/v1beta1/projects/451172344754/sites/independent-service-prov-34e04/versions/cc707a528b5e3049:populateFiles {"uploadRequiredHashes":["8a9a320bcc5ef6aa0ae942a161acbd62719916c977917711c160fe0a5c583d6f","d1b39219e03700fea48c58aab749623845fa1b03a14524c2aa347d5b7bccffc2","c603d4fb41e052371587f3036fe17ea6f0bdd8faf4675069c4cc519b9e177ba2","35e9fc8796c9f240243d066ba87d492d35b0794f5ec23a4f6d0030871f61780c","1dfefbde74b3f101153c6d21c609283776641a5254d1c443386e9782673dbbfd","dfc65e9b735eea6273fc5677df9d08e7d644102b5d104a206204b9fbb08cf19f","4ba6494caeebc7ba4e97c4bc76e9a23993ef2fadb94f968baca481ccef2a0526","66901d3ebaf90fcf54c3b694ef16e212d6dfa189f88c25b34c1294e43dfed4c5","76f0a6e695f19bc20c02d6ead17917e06135a2306efb92198bebbefea5120ab3","6947db60a7dc65ce303884fd6bbcf99bb40a347fdd4bcc0f57035f8f855536a0","4c805d38945957a698e3ef42543d0d12608e1062f5280d9680735bdde3908973","6de50422964a16ce6eb2cbf2a3d9e25216b2f8f38487e2864803e126249032fb","188ff859a935f0c731a585eb812a7586e9c999c87b96187606a96c1d7a02d8de","c488e09815cd21a339b09b6cfabfd999f6cd6d5b73e88543b8e662f38c3d46ce","8e23c344b51c690250bc64d7d1835cd2923264f7e9932cb288dc54e39a61b596","0a66007b3bc282f434de515a3b573ce3178e32920dda392f3c826d66df6501f9","2a993f6c968e81ec233f1f92dc1fcf85753aef5c02cad8dbe6b9a330359f79c5","6279dcff81630f772cf0048177865aa2f27c729951794202145e4159553044ab","28590f73201a5f53ad964be9d5b2a4429c4ee573364c18bae7e3926296baf852","598489ace6a63c400c0dd3f69c9b2d3e40bbb64e1a13c810348e43a19ec924ef","0e89f97165e374b04806cf358d5d7a42862dd8451618842a839300fc27c02958","fd4cc14d98da8bd35a42bae8ba319e5cabd0fb6cf3623bf96e87c47c5560b378","b41b05f8e9b8a0ec12754d04f07a5f0d182450563f695b392b9eb933c0fd08eb","9983556adb3f627ed0266e4b96ac436c7048ff91372aef94ddaa5efb41fc3c9f","807f1b9649a308360dd8ed558be949bbdc6b3fea1cf12af6e9f090848e26ac2e"],"uploadUrl":"https://upload-firebasehosting.googleapis.com/upload/sites/independent-service-prov-34e04/versions/cc707a528b5e3049/files"}
[debug] [2022-04-18T11:40:51.687Z] >>> [apiv2][query] POST https://upload-firebasehosting.googleapis.com/upload/sites/independent-service-prov-34e04/versions/cc707a528b5e3049/files/8a9a320bcc5ef6aa0ae942a161acbd62719916c977917711c160fe0a5c583d6f [none]
[debug] [2022-04-18T11:40:51.687Z] >>> [apiv2][body] POST https://upload-firebasehosting.googleapis.com/upload/sites/independent-service-prov-34e04/versions/cc707a528b5e3049/files/8a9a320bcc5ef6aa0ae942a161acbd62719916c977917711c160fe0a5c583d6f [stream]
[debug] [2022-04-18T11:40:51.688Z] >>> [apiv2][query] POST https://upload-firebasehosting.googleapis.com/upload/sites/independent-service-prov-34e04/versions/cc707a528b5e3049/files/d1b39219e03700fea48c58aab749623845fa1b03a14524c2aa347d5b7bccffc2 [none]
[debug] [2022-04-18T11:40:51.688Z] >>> [apiv2][body] POST https://upload-firebasehosting.googleapis.com/upload/sites/independent-service-prov-34e04/versions/cc707a528b5e3049/files/d1b39219e03700fea48c58aab749623845fa1b03a14524c2aa347d5b7bccffc2 [stream]
[debug] [2022-04-18T11:40:51.689Z] >>> [apiv2][query] POST https://upload-firebasehosting.googleapis.com/upload/sites/independent-service-prov-34e04/versions/cc707a528b5e3049/files/c603d4fb41e052371587f3036fe17ea6f0bdd8faf4675069c4cc519b9e177ba2 [none]
[debug] [2022-04-18T11:40:51.689Z] >>> [apiv2][body] POST https://upload-firebasehosting.googleapis.com/upload/sites/independent-service-prov-34e04/versions/cc707a528b5e3049/files/c603d4fb41e052371587f3036fe17ea6f0bdd8faf4675069c4cc519b9e177ba2 [stream]
[debug] [2022-04-18T11:40:51.690Z] >>> [apiv2][query] POST https://upload-firebasehosting.googleapis.com/upload/sites/independent-service-prov-34e04/versions/cc707a528b5e3049/files/35e9fc8796c9f240243d066ba87d492d35b0794f5ec23a4f6d0030871f61780c [none]
[debug] [2022-04-18T11:40:51.690Z] >>> [apiv2][body] POST https://upload-firebasehosting.googleapis.com/upload/sites/independent-service-prov-34e04/versions/cc707a528b5e3049/files/35e9fc8796c9f240243d066ba87d492d35b0794f5ec23a4f6d0030871f61780c [stream]
[debug] [2022-04-18T11:40:51.692Z] >>> [apiv2][query] POST https://upload-firebasehosting.googleapis.com/upload/sites/independent-service-prov-34e04/versions/cc707a528b5e3049/files/1dfefbde74b3f101153c6d21c609283776641a5254d1c443386e9782673dbbfd [none]
[debug] [2022-04-18T11:40:51.692Z] >>> [apiv2][body] POST https://upload-firebasehosting.googleapis.com/upload/sites/independent-service-prov-34e04/versions/cc707a528b5e3049/files/1dfefbde74b3f101153c6d21c609283776641a5254d1c443386e9782673dbbfd [stream]
[debug] [2022-04-18T11:40:51.693Z] >>> [apiv2][query] POST https://upload-firebasehosting.googleapis.com/upload/sites/independent-service-prov-34e04/versions/cc707a528b5e3049/files/dfc65e9b735eea6273fc5677df9d08e7d644102b5d104a206204b9fbb08cf19f [none]
[debug] [2022-04-18T11:40:51.693Z] >>> [apiv2][body] POST https://upload-firebasehosting.googleapis.com/upload/sites/independent-service-prov-34e04/versions/cc707a528b5e3049/files/dfc65e9b735eea6273fc5677df9d08e7d644102b5d104a206204b9fbb08cf19f [stream]
[debug] [2022-04-18T11:40:51.694Z] >>> [apiv2][query] POST https://upload-firebasehosting.googleapis.com/upload/sites/independent-service-prov-34e04/versions/cc707a528b5e3049/files/4ba6494caeebc7ba4e97c4bc76e9a23993ef2fadb94f968baca481ccef2a0526 [none]
[debug] [2022-04-18T11:40:51.694Z] >>> [apiv2][body] POST https://upload-firebasehosting.googleapis.com/upload/sites/independent-service-prov-34e04/versions/cc707a528b5e3049/files/4ba6494caeebc7ba4e97c4bc76e9a23993ef2fadb94f968baca481ccef2a0526 [stream]
[debug] [2022-04-18T11:40:51.695Z] >>> [apiv2][query] POST https://upload-firebasehosting.googleapis.com/upload/sites/independent-service-prov-34e04/versions/cc707a528b5e3049/files/66901d3ebaf90fcf54c3b694ef16e212d6dfa189f88c25b34c1294e43dfed4c5 [none]
[debug] [2022-04-18T11:40:51.695Z] >>> [apiv2][body] POST https://upload-firebasehosting.googleapis.com/upload/sites/independent-service-prov-34e04/versions/cc707a528b5e3049/files/66901d3ebaf90fcf54c3b694ef16e212d6dfa189f88c25b34c1294e43dfed4c5 [stream]
[debug] [2022-04-18T11:40:51.696Z] >>> [apiv2][query] POST https://upload-firebasehosting.googleapis.com/upload/sites/independent-service-prov-34e04/versions/cc707a528b5e3049/files/76f0a6e695f19bc20c02d6ead17917e06135a2306efb92198bebbefea5120ab3 [none]
[debug] [2022-04-18T11:40:51.696Z] >>> [apiv2][body] POST https://upload-firebasehosting.googleapis.com/upload/sites/independent-service-prov-34e04/versions/cc707a528b5e3049/files/76f0a6e695f19bc20c02d6ead17917e06135a2306efb92198bebbefea5120ab3 [stream]
[debug] [2022-04-18T11:40:51.698Z] >>> [apiv2][query] POST https://upload-firebasehosting.googleapis.com/upload/sites/independent-service-prov-34e04/versions/cc707a528b5e3049/files/6947db60a7dc65ce303884fd6bbcf99bb40a347fdd4bcc0f57035f8f855536a0 [none]
[debug] [2022-04-18T11:40:51.698Z] >>> [apiv2][body] POST https://upload-firebasehosting.googleapis.com/upload/sites/independent-service-prov-34e04/versions/cc707a528b5e3049/files/6947db60a7dc65ce303884fd6bbcf99bb40a347fdd4bcc0f57035f8f855536a0 [stream]
[debug] [2022-04-18T11:40:51.699Z] >>> [apiv2][query] POST https://upload-firebasehosting.googleapis.com/upload/sites/independent-service-prov-34e04/versions/cc707a528b5e3049/files/4c805d38945957a698e3ef42543d0d12608e1062f5280d9680735bdde3908973 [none]
[debug] [2022-04-18T11:40:51.699Z] >>> [apiv2][body] POST https://upload-firebasehosting.googleapis.com/upload/sites/independent-service-prov-34e04/versions/cc707a528b5e3049/files/4c805d38945957a698e3ef42543d0d12608e1062f5280d9680735bdde3908973 [stream]
[debug] [2022-04-18T11:40:51.702Z] >>> [apiv2][query] POST https://upload-firebasehosting.googleapis.com/upload/sites/independent-service-prov-34e04/versions/cc707a528b5e3049/files/6de50422964a16ce6eb2cbf2a3d9e25216b2f8f38487e2864803e126249032fb [none]
[debug] [2022-04-18T11:40:51.702Z] >>> [apiv2][body] POST https://upload-firebasehosting.googleapis.com/upload/sites/independent-service-prov-34e04/versions/cc707a528b5e3049/files/6de50422964a16ce6eb2cbf2a3d9e25216b2f8f38487e2864803e126249032fb [stream]
[debug] [2022-04-18T11:40:51.703Z] >>> [apiv2][query] POST https://upload-firebasehosting.googleapis.com/upload/sites/independent-service-prov-34e04/versions/cc707a528b5e3049/files/188ff859a935f0c731a585eb812a7586e9c999c87b96187606a96c1d7a02d8de [none]
[debug] [2022-04-18T11:40:51.703Z] >>> [apiv2][body] POST https://upload-firebasehosting.googleapis.com/upload/sites/independent-service-prov-34e04/versions/cc707a528b5e3049/files/188ff859a935f0c731a585eb812a7586e9c999c87b96187606a96c1d7a02d8de [stream]
[debug] [2022-04-18T11:40:51.704Z] >>> [apiv2][query] POST https://upload-firebasehosting.googleapis.com/upload/sites/independent-service-prov-34e04/versions/cc707a528b5e3049/files/c488e09815cd21a339b09b6cfabfd999f6cd6d5b73e88543b8e662f38c3d46ce [none]
[debug] [2022-04-18T11:40:51.704Z] >>> [apiv2][body] POST https://upload-firebasehosting.googleapis.com/upload/sites/independent-service-prov-34e04/versions/cc707a528b5e3049/files/c488e09815cd21a339b09b6cfabfd999f6cd6d5b73e88543b8e662f38c3d46ce [stream]
[debug] [2022-04-18T11:40:51.705Z] >>> [apiv2][query] POST https://upload-firebasehosting.googleapis.com/upload/sites/independent-service-prov-34e04/versions/cc707a528b5e3049/files/8e23c344b51c690250bc64d7d1835cd2923264f7e9932cb288dc54e39a61b596 [none]
[debug] [2022-04-18T11:40:51.705Z] >>> [apiv2][body] POST https://upload-firebasehosting.googleapis.com/upload/sites/independent-service-prov-34e04/versions/cc707a528b5e3049/files/8e23c344b51c690250bc64d7d1835cd2923264f7e9932cb288dc54e39a61b596 [stream]
[debug] [2022-04-18T11:40:51.706Z] >>> [apiv2][query] POST https://upload-firebasehosting.googleapis.com/upload/sites/independent-service-prov-34e04/versions/cc707a528b5e3049/files/0a66007b3bc282f434de515a3b573ce3178e32920dda392f3c826d66df6501f9 [none]
[debug] [2022-04-18T11:40:51.706Z] >>> [apiv2][body] POST https://upload-firebasehosting.googleapis.com/upload/sites/independent-service-prov-34e04/versions/cc707a528b5e3049/files/0a66007b3bc282f434de515a3b573ce3178e32920dda392f3c826d66df6501f9 [stream]
[debug] [2022-04-18T11:40:51.706Z] >>> [apiv2][query] POST https://upload-firebasehosting.googleapis.com/upload/sites/independent-service-prov-34e04/versions/cc707a528b5e3049/files/2a993f6c968e81ec233f1f92dc1fcf85753aef5c02cad8dbe6b9a330359f79c5 [none]
[debug] [2022-04-18T11:40:51.706Z] >>> [apiv2][body] POST https://upload-firebasehosting.googleapis.com/upload/sites/independent-service-prov-34e04/versions/cc707a528b5e3049/files/2a993f6c968e81ec233f1f92dc1fcf85753aef5c02cad8dbe6b9a330359f79c5 [stream]
[debug] [2022-04-18T11:40:51.708Z] >>> [apiv2][query] POST https://upload-firebasehosting.googleapis.com/upload/sites/independent-service-prov-34e04/versions/cc707a528b5e3049/files/6279dcff81630f772cf0048177865aa2f27c729951794202145e4159553044ab [none]
[debug] [2022-04-18T11:40:51.708Z] >>> [apiv2][body] POST https://upload-firebasehosting.googleapis.com/upload/sites/independent-service-prov-34e04/versions/cc707a528b5e3049/files/6279dcff81630f772cf0048177865aa2f27c729951794202145e4159553044ab [stream]
[debug] [2022-04-18T11:40:51.709Z] >>> [apiv2][query] POST https://upload-firebasehosting.googleapis.com/upload/sites/independent-service-prov-34e04/versions/cc707a528b5e3049/files/28590f73201a5f53ad964be9d5b2a4429c4ee573364c18bae7e3926296baf852 [none]
[debug] [2022-04-18T11:40:51.709Z] >>> [apiv2][body] POST https://upload-firebasehosting.googleapis.com/upload/sites/independent-service-prov-34e04/versions/cc707a528b5e3049/files/28590f73201a5f53ad964be9d5b2a4429c4ee573364c18bae7e3926296baf852 [stream]
[debug] [2022-04-18T11:40:51.710Z] >>> [apiv2][query] POST https://upload-firebasehosting.googleapis.com/upload/sites/independent-service-prov-34e04/versions/cc707a528b5e3049/files/598489ace6a63c400c0dd3f69c9b2d3e40bbb64e1a13c810348e43a19ec924ef [none]
[debug] [2022-04-18T11:40:51.710Z] >>> [apiv2][body] POST https://upload-firebasehosting.googleapis.com/upload/sites/independent-service-prov-34e04/versions/cc707a528b5e3049/files/598489ace6a63c400c0dd3f69c9b2d3e40bbb64e1a13c810348e43a19ec924ef [stream]
[debug] [2022-04-18T11:40:51.711Z] >>> [apiv2][query] POST https://upload-firebasehosting.googleapis.com/upload/sites/independent-service-prov-34e04/versions/cc707a528b5e3049/files/0e89f97165e374b04806cf358d5d7a42862dd8451618842a839300fc27c02958 [none]
[debug] [2022-04-18T11:40:51.711Z] >>> [apiv2][body] POST https://upload-firebasehosting.googleapis.com/upload/sites/independent-service-prov-34e04/versions/cc707a528b5e3049/files/0e89f97165e374b04806cf358d5d7a42862dd8451618842a839300fc27c02958 [stream]
[debug] [2022-04-18T11:40:51.711Z] >>> [apiv2][query] POST https://upload-firebasehosting.googleapis.com/upload/sites/independent-service-prov-34e04/versions/cc707a528b5e3049/files/fd4cc14d98da8bd35a42bae8ba319e5cabd0fb6cf3623bf96e87c47c5560b378 [none]
[debug] [2022-04-18T11:40:51.711Z] >>> [apiv2][body] POST https://upload-firebasehosting.googleapis.com/upload/sites/independent-service-prov-34e04/versions/cc707a528b5e3049/files/fd4cc14d98da8bd35a42bae8ba319e5cabd0fb6cf3623bf96e87c47c5560b378 [stream]
[debug] [2022-04-18T11:40:51.712Z] >>> [apiv2][query] POST https://upload-firebasehosting.googleapis.com/upload/sites/independent-service-prov-34e04/versions/cc707a528b5e3049/files/b41b05f8e9b8a0ec12754d04f07a5f0d182450563f695b392b9eb933c0fd08eb [none]
[debug] [2022-04-18T11:40:51.712Z] >>> [apiv2][body] POST https://upload-firebasehosting.googleapis.com/upload/sites/independent-service-prov-34e04/versions/cc707a528b5e3049/files/b41b05f8e9b8a0ec12754d04f07a5f0d182450563f695b392b9eb933c0fd08eb [stream]
[debug] [2022-04-18T11:40:51.713Z] >>> [apiv2][query] POST https://upload-firebasehosting.googleapis.com/upload/sites/independent-service-prov-34e04/versions/cc707a528b5e3049/files/9983556adb3f627ed0266e4b96ac436c7048ff91372aef94ddaa5efb41fc3c9f [none]
[debug] [2022-04-18T11:40:51.713Z] >>> [apiv2][body] POST https://upload-firebasehosting.googleapis.com/upload/sites/independent-service-prov-34e04/versions/cc707a528b5e3049/files/9983556adb3f627ed0266e4b96ac436c7048ff91372aef94ddaa5efb41fc3c9f [stream]
[debug] [2022-04-18T11:40:51.714Z] >>> [apiv2][query] POST https://upload-firebasehosting.googleapis.com/upload/sites/independent-service-prov-34e04/versions/cc707a528b5e3049/files/807f1b9649a308360dd8ed558be949bbdc6b3fea1cf12af6e9f090848e26ac2e [none]
[debug] [2022-04-18T11:40:51.714Z] >>> [apiv2][body] POST https://upload-firebasehosting.googleapis.com/upload/sites/independent-service-prov-34e04/versions/cc707a528b5e3049/files/807f1b9649a308360dd8ed558be949bbdc6b3fea1cf12af6e9f090848e26ac2e [stream]
[debug] [2022-04-18T11:40:51.714Z] [hosting][populate queue][FINAL] {"max":1875,"min":1875,"avg":1875,"active":0,"complete":1,"success":1,"errored":0,"retried":0,"total":1,"elapsed":1902}
[debug] [2022-04-18T11:40:51.715Z] [hosting] uploads queued: 25
[debug] [2022-04-18T11:40:53.537Z] <<< [apiv2][status] POST https://upload-firebasehosting.googleapis.com/upload/sites/independent-service-prov-34e04/versions/cc707a528b5e3049/files/1dfefbde74b3f101153c6d21c609283776641a5254d1c443386e9782673dbbfd 200
[debug] [2022-04-18T11:40:53.537Z] <<< [apiv2][body] POST https://upload-firebasehosting.googleapis.com/upload/sites/independent-service-prov-34e04/versions/cc707a528b5e3049/files/1dfefbde74b3f101153c6d21c609283776641a5254d1c443386e9782673dbbfd [stream]
[debug] [2022-04-18T11:40:53.548Z] <<< [apiv2][status] POST https://upload-firebasehosting.googleapis.com/upload/sites/independent-service-prov-34e04/versions/cc707a528b5e3049/files/2a993f6c968e81ec233f1f92dc1fcf85753aef5c02cad8dbe6b9a330359f79c5 200
[debug] [2022-04-18T11:40:53.548Z] <<< [apiv2][body] POST https://upload-firebasehosting.googleapis.com/upload/sites/independent-service-prov-34e04/versions/cc707a528b5e3049/files/2a993f6c968e81ec233f1f92dc1fcf85753aef5c02cad8dbe6b9a330359f79c5 [stream]
[debug] [2022-04-18T11:40:53.598Z] <<< [apiv2][status] POST https://upload-firebasehosting.googleapis.com/upload/sites/independent-service-prov-34e04/versions/cc707a528b5e3049/files/28590f73201a5f53ad964be9d5b2a4429c4ee573364c18bae7e3926296baf852 200
[debug] [2022-04-18T11:40:53.598Z] <<< [apiv2][body] POST https://upload-firebasehosting.googleapis.com/upload/sites/independent-service-prov-34e04/versions/cc707a528b5e3049/files/28590f73201a5f53ad964be9d5b2a4429c4ee573364c18bae7e3926296baf852 [stream]
[debug] [2022-04-18T11:40:53.674Z] <<< [apiv2][status] POST https://upload-firebasehosting.googleapis.com/upload/sites/independent-service-prov-34e04/versions/cc707a528b5e3049/files/dfc65e9b735eea6273fc5677df9d08e7d644102b5d104a206204b9fbb08cf19f 200
[debug] [2022-04-18T11:40:53.674Z] <<< [apiv2][body] POST https://upload-firebasehosting.googleapis.com/upload/sites/independent-service-prov-34e04/versions/cc707a528b5e3049/files/dfc65e9b735eea6273fc5677df9d08e7d644102b5d104a206204b9fbb08cf19f [stream]
[debug] [2022-04-18T11:40:53.782Z] <<< [apiv2][status] POST https://upload-firebasehosting.googleapis.com/upload/sites/independent-service-prov-34e04/versions/cc707a528b5e3049/files/66901d3ebaf90fcf54c3b694ef16e212d6dfa189f88c25b34c1294e43dfed4c5 200
[debug] [2022-04-18T11:40:53.782Z] <<< [apiv2][body] POST https://upload-firebasehosting.googleapis.com/upload/sites/independent-service-prov-34e04/versions/cc707a528b5e3049/files/66901d3ebaf90fcf54c3b694ef16e212d6dfa189f88c25b34c1294e43dfed4c5 [stream]
[debug] [2022-04-18T11:40:53.828Z] <<< [apiv2][status] POST https://upload-firebasehosting.googleapis.com/upload/sites/independent-service-prov-34e04/versions/cc707a528b5e3049/files/598489ace6a63c400c0dd3f69c9b2d3e40bbb64e1a13c810348e43a19ec924ef 200
[debug] [2022-04-18T11:40:53.828Z] <<< [apiv2][body] POST https://upload-firebasehosting.googleapis.com/upload/sites/independent-service-prov-34e04/versions/cc707a528b5e3049/files/598489ace6a63c400c0dd3f69c9b2d3e40bbb64e1a13c810348e43a19ec924ef [stream]
[debug] [2022-04-18T11:40:53.837Z] <<< [apiv2][status] POST https://upload-firebasehosting.googleapis.com/upload/sites/independent-service-prov-34e04/versions/cc707a528b5e3049/files/c603d4fb41e052371587f3036fe17ea6f0bdd8faf4675069c4cc519b9e177ba2 200
[debug] [2022-04-18T11:40:53.838Z] <<< [apiv2][body] POST https://upload-firebasehosting.googleapis.com/upload/sites/independent-service-prov-34e04/versions/cc707a528b5e3049/files/c603d4fb41e052371587f3036fe17ea6f0bdd8faf4675069c4cc519b9e177ba2 [stream]
[debug] [2022-04-18T11:40:53.925Z] <<< [apiv2][status] POST https://upload-firebasehosting.googleapis.com/upload/sites/independent-service-prov-34e04/versions/cc707a528b5e3049/files/0e89f97165e374b04806cf358d5d7a42862dd8451618842a839300fc27c02958 200
[debug] [2022-04-18T11:40:53.925Z] <<< [apiv2][body] POST https://upload-firebasehosting.googleapis.com/upload/sites/independent-service-prov-34e04/versions/cc707a528b5e3049/files/0e89f97165e374b04806cf358d5d7a42862dd8451618842a839300fc27c02958 [stream]
[debug] [2022-04-18T11:40:53.952Z] <<< [apiv2][status] POST https://upload-firebasehosting.googleapis.com/upload/sites/independent-service-prov-34e04/versions/cc707a528b5e3049/files/6de50422964a16ce6eb2cbf2a3d9e25216b2f8f38487e2864803e126249032fb 200
[debug] [2022-04-18T11:40:53.953Z] <<< [apiv2][body] POST https://upload-firebasehosting.googleapis.com/upload/sites/independent-service-prov-34e04/versions/cc707a528b5e3049/files/6de50422964a16ce6eb2cbf2a3d9e25216b2f8f38487e2864803e126249032fb [stream]
[debug] [2022-04-18T11:40:53.990Z] <<< [apiv2][status] POST https://upload-firebasehosting.googleapis.com/upload/sites/independent-service-prov-34e04/versions/cc707a528b5e3049/files/b41b05f8e9b8a0ec12754d04f07a5f0d182450563f695b392b9eb933c0fd08eb 200
[debug] [2022-04-18T11:40:53.990Z] <<< [apiv2][body] POST https://upload-firebasehosting.googleapis.com/upload/sites/independent-service-prov-34e04/versions/cc707a528b5e3049/files/b41b05f8e9b8a0ec12754d04f07a5f0d182450563f695b392b9eb933c0fd08eb [stream]
[debug] [2022-04-18T11:40:54.006Z] <<< [apiv2][status] POST https://upload-firebasehosting.googleapis.com/upload/sites/independent-service-prov-34e04/versions/cc707a528b5e3049/files/807f1b9649a308360dd8ed558be949bbdc6b3fea1cf12af6e9f090848e26ac2e 200
[debug] [2022-04-18T11:40:54.007Z] <<< [apiv2][body] POST https://upload-firebasehosting.googleapis.com/upload/sites/independent-service-prov-34e04/versions/cc707a528b5e3049/files/807f1b9649a308360dd8ed558be949bbdc6b3fea1cf12af6e9f090848e26ac2e [stream]
[debug] [2022-04-18T11:40:54.011Z] <<< [apiv2][status] POST https://upload-firebasehosting.googleapis.com/upload/sites/independent-service-prov-34e04/versions/cc707a528b5e3049/files/4c805d38945957a698e3ef42543d0d12608e1062f5280d9680735bdde3908973 200
[debug] [2022-04-18T11:40:54.012Z] <<< [apiv2][body] POST https://upload-firebasehosting.googleapis.com/upload/sites/independent-service-prov-34e04/versions/cc707a528b5e3049/files/4c805d38945957a698e3ef42543d0d12608e1062f5280d9680735bdde3908973 [stream]
[debug] [2022-04-18T11:40:54.015Z] <<< [apiv2][status] POST https://upload-firebasehosting.googleapis.com/upload/sites/independent-service-prov-34e04/versions/cc707a528b5e3049/files/fd4cc14d98da8bd35a42bae8ba319e5cabd0fb6cf3623bf96e87c47c5560b378 200
[debug] [2022-04-18T11:40:54.015Z] <<< [apiv2][body] POST https://upload-firebasehosting.googleapis.com/upload/sites/independent-service-prov-34e04/versions/cc707a528b5e3049/files/fd4cc14d98da8bd35a42bae8ba319e5cabd0fb6cf3623bf96e87c47c5560b378 [stream]
[debug] [2022-04-18T11:40:54.067Z] <<< [apiv2][status] POST https://upload-firebasehosting.googleapis.com/upload/sites/independent-service-prov-34e04/versions/cc707a528b5e3049/files/6279dcff81630f772cf0048177865aa2f27c729951794202145e4159553044ab 200
[debug] [2022-04-18T11:40:54.067Z] <<< [apiv2][body] POST https://upload-firebasehosting.googleapis.com/upload/sites/independent-service-prov-34e04/versions/cc707a528b5e3049/files/6279dcff81630f772cf0048177865aa2f27c729951794202145e4159553044ab [stream]
[debug] [2022-04-18T11:40:54.169Z] <<< [apiv2][status] POST https://upload-firebasehosting.googleapis.com/upload/sites/independent-service-prov-34e04/versions/cc707a528b5e3049/files/6947db60a7dc65ce303884fd6bbcf99bb40a347fdd4bcc0f57035f8f855536a0 200
[debug] [2022-04-18T11:40:54.169Z] <<< [apiv2][body] POST https://upload-firebasehosting.googleapis.com/upload/sites/independent-service-prov-34e04/versions/cc707a528b5e3049/files/6947db60a7dc65ce303884fd6bbcf99bb40a347fdd4bcc0f57035f8f855536a0 [stream]
[debug] [2022-04-18T11:40:54.322Z] <<< [apiv2][status] POST https://upload-firebasehosting.googleapis.com/upload/sites/independent-service-prov-34e04/versions/cc707a528b5e3049/files/76f0a6e695f19bc20c02d6ead17917e06135a2306efb92198bebbefea5120ab3 200
[debug] [2022-04-18T11:40:54.322Z] <<< [apiv2][body] POST https://upload-firebasehosting.googleapis.com/upload/sites/independent-service-prov-34e04/versions/cc707a528b5e3049/files/76f0a6e695f19bc20c02d6ead17917e06135a2306efb92198bebbefea5120ab3 [stream]
[debug] [2022-04-18T11:40:54.340Z] <<< [apiv2][status] POST https://upload-firebasehosting.googleapis.com/upload/sites/independent-service-prov-34e04/versions/cc707a528b5e3049/files/188ff859a935f0c731a585eb812a7586e9c999c87b96187606a96c1d7a02d8de 200
[debug] [2022-04-18T11:40:54.340Z] <<< [apiv2][body] POST https://upload-firebasehosting.googleapis.com/upload/sites/independent-service-prov-34e04/versions/cc707a528b5e3049/files/188ff859a935f0c731a585eb812a7586e9c999c87b96187606a96c1d7a02d8de [stream]
[debug] [2022-04-18T11:40:54.454Z] <<< [apiv2][status] POST https://upload-firebasehosting.googleapis.com/upload/sites/independent-service-prov-34e04/versions/cc707a528b5e3049/files/d1b39219e03700fea48c58aab749623845fa1b03a14524c2aa347d5b7bccffc2 200
[debug] [2022-04-18T11:40:54.455Z] <<< [apiv2][body] POST https://upload-firebasehosting.googleapis.com/upload/sites/independent-service-prov-34e04/versions/cc707a528b5e3049/files/d1b39219e03700fea48c58aab749623845fa1b03a14524c2aa347d5b7bccffc2 [stream]
[debug] [2022-04-18T11:40:54.498Z] <<< [apiv2][status] POST https://upload-firebasehosting.googleapis.com/upload/sites/independent-service-prov-34e04/versions/cc707a528b5e3049/files/c488e09815cd21a339b09b6cfabfd999f6cd6d5b73e88543b8e662f38c3d46ce 200
[debug] [2022-04-18T11:40:54.498Z] <<< [apiv2][body] POST https://upload-firebasehosting.googleapis.com/upload/sites/independent-service-prov-34e04/versions/cc707a528b5e3049/files/c488e09815cd21a339b09b6cfabfd999f6cd6d5b73e88543b8e662f38c3d46ce [stream]
[debug] [2022-04-18T11:40:54.500Z] <<< [apiv2][status] POST https://upload-firebasehosting.googleapis.com/upload/sites/independent-service-prov-34e04/versions/cc707a528b5e3049/files/9983556adb3f627ed0266e4b96ac436c7048ff91372aef94ddaa5efb41fc3c9f 200
[debug] [2022-04-18T11:40:54.501Z] <<< [apiv2][body] POST https://upload-firebasehosting.googleapis.com/upload/sites/independent-service-prov-34e04/versions/cc707a528b5e3049/files/9983556adb3f627ed0266e4b96ac436c7048ff91372aef94ddaa5efb41fc3c9f [stream]
[debug] [2022-04-18T11:40:54.536Z] <<< [apiv2][status] POST https://upload-firebasehosting.googleapis.com/upload/sites/independent-service-prov-34e04/versions/cc707a528b5e3049/files/0a66007b3bc282f434de515a3b573ce3178e32920dda392f3c826d66df6501f9 200
[debug] [2022-04-18T11:40:54.536Z] <<< [apiv2][body] POST https://upload-firebasehosting.googleapis.com/upload/sites/independent-service-prov-34e04/versions/cc707a528b5e3049/files/0a66007b3bc282f434de515a3b573ce3178e32920dda392f3c826d66df6501f9 [stream]
[debug] [2022-04-18T11:40:54.665Z] <<< [apiv2][status] POST https://upload-firebasehosting.googleapis.com/upload/sites/independent-service-prov-34e04/versions/cc707a528b5e3049/files/8a9a320bcc5ef6aa0ae942a161acbd62719916c977917711c160fe0a5c583d6f 200
[debug] [2022-04-18T11:40:54.666Z] <<< [apiv2][body] POST https://upload-firebasehosting.googleapis.com/upload/sites/independent-service-prov-34e04/versions/cc707a528b5e3049/files/8a9a320bcc5ef6aa0ae942a161acbd62719916c977917711c160fe0a5c583d6f [stream]
[debug] [2022-04-18T11:40:54.692Z] <<< [apiv2][status] POST https://upload-firebasehosting.googleapis.com/upload/sites/independent-service-prov-34e04/versions/cc707a528b5e3049/files/8e23c344b51c690250bc64d7d1835cd2923264f7e9932cb288dc54e39a61b596 200
[debug] [2022-04-18T11:40:54.692Z] <<< [apiv2][body] POST https://upload-firebasehosting.googleapis.com/upload/sites/independent-service-prov-34e04/versions/cc707a528b5e3049/files/8e23c344b51c690250bc64d7d1835cd2923264f7e9932cb288dc54e39a61b596 [stream]
[debug] [2022-04-18T11:40:55.007Z] <<< [apiv2][status] POST https://upload-firebasehosting.googleapis.com/upload/sites/independent-service-prov-34e04/versions/cc707a528b5e3049/files/35e9fc8796c9f240243d066ba87d492d35b0794f5ec23a4f6d0030871f61780c 200
[debug] [2022-04-18T11:40:55.007Z] <<< [apiv2][body] POST https://upload-firebasehosting.googleapis.com/upload/sites/independent-service-prov-34e04/versions/cc707a528b5e3049/files/35e9fc8796c9f240243d066ba87d492d35b0794f5ec23a4f6d0030871f61780c [stream]
[debug] [2022-04-18T11:40:55.874Z] <<< [apiv2][status] POST https://upload-firebasehosting.googleapis.com/upload/sites/independent-service-prov-34e04/versions/cc707a528b5e3049/files/4ba6494caeebc7ba4e97c4bc76e9a23993ef2fadb94f968baca481ccef2a0526 200
[debug] [2022-04-18T11:40:55.875Z] <<< [apiv2][body] POST https://upload-firebasehosting.googleapis.com/upload/sites/independent-service-prov-34e04/versions/cc707a528b5e3049/files/4ba6494caeebc7ba4e97c4bc76e9a23993ef2fadb94f968baca481ccef2a0526 [stream]
[debug] [2022-04-18T11:40:55.875Z] [hosting][upload queue][FINAL] {"max":4190,"min":1852,"avg":2508,"active":0,"complete":25,"success":25,"errored":0,"retried":0,"total":25,"elapsed":4191}
[info] +  hosting[independent-service-prov-34e04]: file upload complete 
[debug] [2022-04-18T11:40:55.876Z] [hosting] deploy completed after 6315ms
[debug] [2022-04-18T11:40:55.880Z] [
  {
    "config": {
      "public": "build",
      "ignore": [
        "firebase.json",
        "**/.*",
        "**/node_modules/**"
      ],
      "rewrites": [
        {
          "source": "**",
          "destination": "/index.html"
        }
      ],
      "site": "independent-service-prov-34e04"
    },
    "site": "independent-service-prov-34e04",
    "version": "projects/451172344754/sites/independent-service-prov-34e04/versions/cc707a528b5e3049"
  }
]
[info] i  hosting[independent-service-prov-34e04]: finalizing version... 
[debug] [2022-04-18T11:40:55.881Z] >>> [apiv2][query] PATCH https://firebasehosting.googleapis.com/v1beta1/projects/451172344754/sites/independent-service-prov-34e04/versions/cc707a528b5e3049 updateMask=status
[debug] [2022-04-18T11:40:55.882Z] >>> [apiv2][body] PATCH https://firebasehosting.googleapis.com/v1beta1/projects/451172344754/sites/independent-service-prov-34e04/versions/cc707a528b5e3049 {"status":"FINALIZED"}
[debug] [2022-04-18T11:40:57.977Z] <<< [apiv2][status] PATCH https://firebasehosting.googleapis.com/v1beta1/projects/451172344754/sites/independent-service-prov-34e04/versions/cc707a528b5e3049 200
[debug] [2022-04-18T11:40:57.977Z] <<< [apiv2][body] PATCH https://firebasehosting.googleapis.com/v1beta1/projects/451172344754/sites/independent-service-prov-34e04/versions/cc707a528b5e3049 {"name":"projects/451172344754/sites/independent-service-prov-34e04/versions/cc707a528b5e3049","status":"FINALIZED","config":{"rewrites":[{"glob":"**","path":"/index.html"}]},"labels":{"deployment-tool":"cli-firebase"},"createTime":"2022-04-18T11:40:49.418039Z","createUser":{"email":"hhera1413@gmail.com"},"finalizeTime":"2022-04-18T11:40:57.782227Z","finalizeUser":{"email":"hhera1413@gmail.com"}}
[debug] [2022-04-18T11:40:57.977Z] [hosting] finalized version for independent-service-prov-34e04:[object Object]
[info] +  hosting[independent-service-prov-34e04]: version finalized 
[info] i  hosting[independent-service-prov-34e04]: releasing new version... 
[debug] [2022-04-18T11:40:57.979Z] >>> [apiv2][query] POST https://firebasehosting.googleapis.com/v1beta1/projects/451172344754/sites/independent-service-prov-34e04/releases versionName=projects%2F451172344754%2Fsites%2Findependent-service-prov-34e04%2Fversions%2Fcc707a528b5e3049
[debug] [2022-04-18T11:40:57.979Z] >>> [apiv2][body] POST https://firebasehosting.googleapis.com/v1beta1/projects/451172344754/sites/independent-service-prov-34e04/releases {"message":null}
[debug] [2022-04-18T11:40:59.925Z] <<< [apiv2][status] POST https://firebasehosting.googleapis.com/v1beta1/projects/451172344754/sites/independent-service-prov-34e04/releases 200
[debug] [2022-04-18T11:40:59.925Z] <<< [apiv2][body] POST https://firebasehosting.googleapis.com/v1beta1/projects/451172344754/sites/independent-service-prov-34e04/releases {"name":"projects/451172344754/sites/independent-service-prov-34e04/releases/1650282059314408","version":{"name":"projects/451172344754/sites/independent-service-prov-34e04/versions/cc707a528b5e3049","status":"FINALIZED","config":{"rewrites":[{"glob":"**","path":"/index.html"}]},"labels":{"deployment-tool":"cli-firebase"},"createTime":"2022-04-18T11:40:49.418039Z","createUser":{"email":"hhera1413@gmail.com","imageUrl":"https://lh3.googleusercontent.com/a-/AOh14GikJabocL6aNLuarM7KiDxEWXaNxj6dYeNCpkgj"},"finalizeTime":"2022-04-18T11:40:57.782227Z","finalizeUser":{"email":"hhera1413@gmail.com","imageUrl":"https://lh3.googleusercontent.com/a-/AOh14GikJabocL6aNLuarM7KiDxEWXaNxj6dYeNCpkgj"}},"type":"DEPLOY","releaseTime":"2022-04-18T11:40:59.314408413Z","releaseUser":{"email":"hhera1413@gmail.com","imageUrl":"https://lh3.googleusercontent.com/a-/AOh14GikJabocL6aNLuarM7KiDxEWXaNxj6dYeNCpkgj"}}
[debug] [2022-04-18T11:40:59.925Z] [hosting] release: {"name":"projects/451172344754/sites/independent-service-prov-34e04/releases/1650282059314408","version":{"name":"projects/451172344754/sites/independent-service-prov-34e04/versions/cc707a528b5e3049","status":"FINALIZED","config":{"rewrites":[{"glob":"**","path":"/index.html"}]},"labels":{"deployment-tool":"cli-firebase"},"createTime":"2022-04-18T11:40:49.418039Z","createUser":{"email":"hhera1413@gmail.com","imageUrl":"https://lh3.googleusercontent.com/a-/AOh14GikJabocL6aNLuarM7KiDxEWXaNxj6dYeNCpkgj"},"finalizeTime":"2022-04-18T11:40:57.782227Z","finalizeUser":{"email":"hhera1413@gmail.com","imageUrl":"https://lh3.googleusercontent.com/a-/AOh14GikJabocL6aNLuarM7KiDxEWXaNxj6dYeNCpkgj"}},"type":"DEPLOY","releaseTime":"2022-04-18T11:40:59.314408413Z","releaseUser":{"email":"hhera1413@gmail.com","imageUrl":"https://lh3.googleusercontent.com/a-/AOh14GikJabocL6aNLuarM7KiDxEWXaNxj6dYeNCpkgj"}}
[info] +  hosting[independent-service-prov-34e04]: release complete 
[info] 
[info] +  Deploy complete! 
[info] 
[info] Project Console: https://console.firebase.google.com/project/independent-service-prov-34e04/overview
[info] Hosting URL: https://independent-service-prov-34e04.web.app
[debug] [2022-04-18T15:01:25.260Z] ----------------------------------------------------------------------
[debug] [2022-04-18T15:01:25.264Z] Command:       C:\Program Files\nodejs\node.exe C:\Users\hhera\AppData\Roaming\npm\node_modules\firebase-tools\lib\bin\firebase.js deploy
[debug] [2022-04-18T15:01:25.264Z] CLI Version:   10.6.0
[debug] [2022-04-18T15:01:25.265Z] Platform:      win32
[debug] [2022-04-18T15:01:25.265Z] Node Version:  v16.13.2
[debug] [2022-04-18T15:01:25.275Z] Time:          Mon Apr 18 2022 21:01:25 GMT+0600 (Bangladesh Standard Time)
[debug] [2022-04-18T15:01:25.276Z] ----------------------------------------------------------------------
[debug] 
[debug] [2022-04-18T15:01:25.346Z] > command requires scopes: ["email","openid","https://www.googleapis.com/auth/cloudplatformprojects.readonly","https://www.googleapis.com/auth/firebase","https://www.googleapis.com/auth/cloud-platform"]
[debug] [2022-04-18T15:01:25.347Z] > authorizing via signed-in user (hhera1413@gmail.com)
[debug] [2022-04-18T15:01:25.347Z] [iam] checking project independent-service-prov-34e04 for permissions ["firebase.projects.get","firebasehosting.sites.update"]
[debug] [2022-04-18T15:01:25.348Z] > refreshing access token with scopes: []
[debug] [2022-04-18T15:01:25.349Z] >>> HTTP REQUEST POST https://www.googleapis.com/oauth2/v3/token  
 <request body omitted>
[debug] [2022-04-18T15:01:25.754Z] <<< HTTP RESPONSE 200 {"expires":"Mon, 01 Jan 1990 00:00:00 GMT","cache-control":"no-cache, no-store, max-age=0, must-revalidate","date":"Mon, 18 Apr 2022 15:01:26 GMT","pragma":"no-cache","content-type":"application/json; charset=utf-8","vary":"X-Origin, Referer, Origin,Accept-Encoding","server":"scaffolding on HTTPServer2","x-xss-protection":"0","x-frame-options":"SAMEORIGIN","x-content-type-options":"nosniff","alt-svc":"h3=\":443\"; ma=2592000,h3-29=\":443\"; ma=2592000,h3-Q050=\":443\"; ma=2592000,h3-Q046=\":443\"; ma=2592000,h3-Q043=\":443\"; ma=2592000,quic=\":443\"; ma=2592000; v=\"46,43\"","accept-ranges":"none","transfer-encoding":"chunked"}
[debug] [2022-04-18T15:01:25.776Z] >>> [apiv2][query] POST https://cloudresourcemanager.googleapis.com/v1/projects/independent-service-prov-34e04:testIamPermissions [none]
[debug] [2022-04-18T15:01:25.777Z] >>> [apiv2][body] POST https://cloudresourcemanager.googleapis.com/v1/projects/independent-service-prov-34e04:testIamPermissions {"permissions":["firebase.projects.get","firebasehosting.sites.update"]}
[debug] [2022-04-18T15:01:27.444Z] <<< [apiv2][status] POST https://cloudresourcemanager.googleapis.com/v1/projects/independent-service-prov-34e04:testIamPermissions 200
[debug] [2022-04-18T15:01:27.445Z] <<< [apiv2][body] POST https://cloudresourcemanager.googleapis.com/v1/projects/independent-service-prov-34e04:testIamPermissions {"permissions":["firebase.projects.get","firebasehosting.sites.update"]}
[debug] [2022-04-18T15:01:27.446Z] >>> [apiv2][query] GET https://firebase.googleapis.com/v1beta1/projects/independent-service-prov-34e04 [none]
[debug] [2022-04-18T15:01:28.229Z] <<< [apiv2][status] GET https://firebase.googleapis.com/v1beta1/projects/independent-service-prov-34e04 200
[debug] [2022-04-18T15:01:28.229Z] <<< [apiv2][body] GET https://firebase.googleapis.com/v1beta1/projects/independent-service-prov-34e04 {"projectId":"independent-service-prov-34e04","projectNumber":"451172344754","displayName":"Independent-service-provider","name":"projects/independent-service-prov-34e04","resources":{"hostingSite":"independent-service-prov-34e04"},"state":"ACTIVE"}
[info] 
[info] === Deploying to 'independent-service-prov-34e04'...
[info] 
[info] i  deploying hosting 
[debug] [2022-04-18T15:01:28.233Z] >>> [apiv2][query] GET https://firebase.googleapis.com/v1beta1/projects/independent-service-prov-34e04 [none]
[debug] [2022-04-18T15:01:28.724Z] <<< [apiv2][status] GET https://firebase.googleapis.com/v1beta1/projects/independent-service-prov-34e04 200
[debug] [2022-04-18T15:01:28.724Z] <<< [apiv2][body] GET https://firebase.googleapis.com/v1beta1/projects/independent-service-prov-34e04 {"projectId":"independent-service-prov-34e04","projectNumber":"451172344754","displayName":"Independent-service-provider","name":"projects/independent-service-prov-34e04","resources":{"hostingSite":"independent-service-prov-34e04"},"state":"ACTIVE"}
[debug] [2022-04-18T15:01:28.727Z] >>> [apiv2][query] POST https://firebasehosting.googleapis.com/v1beta1/projects/451172344754/sites/independent-service-prov-34e04/versions [none]
[debug] [2022-04-18T15:01:28.727Z] >>> [apiv2][body] POST https://firebasehosting.googleapis.com/v1beta1/projects/451172344754/sites/independent-service-prov-34e04/versions {"config":{"rewrites":[{"glob":"**","path":"/index.html"}]},"labels":{"deployment-tool":"cli-firebase"}}
[debug] [2022-04-18T15:01:31.185Z] <<< [apiv2][status] POST https://firebasehosting.googleapis.com/v1beta1/projects/451172344754/sites/independent-service-prov-34e04/versions 200
[debug] [2022-04-18T15:01:31.185Z] <<< [apiv2][body] POST https://firebasehosting.googleapis.com/v1beta1/projects/451172344754/sites/independent-service-prov-34e04/versions {"name":"projects/451172344754/sites/independent-service-prov-34e04/versions/eac2b4ec329372b2","status":"CREATED","config":{"rewrites":[{"glob":"**","path":"/index.html"}]},"labels":{"deployment-tool":"cli-firebase"}}
[info] i  hosting[independent-service-prov-34e04]: beginning deploy... 
[info] i  hosting[independent-service-prov-34e04]: found 41 files in build 
[debug] [2022-04-18T15:01:31.209Z] [hosting] uploading with 200 concurrency
[debug] [2022-04-18T15:01:31.604Z] [hosting] hash cache [YnVpbGQ] stored for 41 files
[debug] [2022-04-18T15:01:31.604Z] [hosting][hash queue][FINAL] {"max":372,"min":9,"avg":51.65853658536585,"active":0,"complete":41,"success":41,"errored":0,"retried":0,"total":41,"elapsed":379}
[debug] [2022-04-18T15:01:31.605Z] >>> [apiv2][query] POST https://firebasehosting.googleapis.com/v1beta1/projects/451172344754/sites/independent-service-prov-34e04/versions/eac2b4ec329372b2:populateFiles [none]
[debug] [2022-04-18T15:01:31.605Z] >>> [apiv2][body] POST https://firebasehosting.googleapis.com/v1beta1/projects/451172344754/sites/independent-service-prov-34e04/versions/eac2b4ec329372b2:populateFiles {"files":{"/favicon.ico":"eae62e993eb980ec8a25058c39d5a51feab118bd2100c4deebb2a9c158ec11f9","/logo192.png":"3ee59515172ee198f3be375979df15ac5345183e656720a381b8872b2a39dc8b","/logo512.png":"ee7e2f3fdb8209c4b6fd7bef6ba50d1b9dba30a25bb5c3126df057e1cb6f5331","/manifest.json":"aff3449bdc238776f5d6d967f19ec491b36aed5fb7f23ccff6500736fd58494a","/robots.txt":"bfe106a3fb878dc83461c86818bf74fc1bdc7f28538ba613cd3e775516ce8b49","/services.json":"35e9fc8796c9f240243d066ba87d492d35b0794f5ec23a4f6d0030871f61780c","/asset-manifest.json":"ff950f6f57b6abdac57f494b7f9e0990d891304dd195f72b57c4c73792a447d2","/index.html":"830a59343a81a5475bf20a7507f7ca767e31c38bd93f448a6a97293b359cd6e3","/static/js/787.c65ecf9c.chunk.js":"178b7acd77d4bbfb2472edab66b49eacd4405e57ed2666b81dd520415e5c0a81","/static/css/main.31e963fc.css":"33274d906b778e2ca88945639d6bae91a9140d5dc03dd4c49a93785c090264c0","/static/js/main.6765e0f0.js.LICENSE.txt":"d59f343038ca8078df2839431b7009ea0518e4ed8a1f8edd0914c6a3d3bccf48","/static/js/787.c65ecf9c.chunk.js.map":"85ae5ff0453d5783b5cd0506719df878143e86b0c90181130444a782bb2054fd","/static/css/main.31e963fc.css.map":"70bd27603c20455ff5d7ac63c23639f17526b3149e43c3c3300a1a29acb128b3","/static/media/col_2_6.e201c0b92d7a092d0706.jpg":"28590f73201a5f53ad964be9d5b2a4429c4ee573364c18bae7e3926296baf852","/static/media/logo.05fcd0ec51388ca5d2d2.png":"66fea5f4b700921208cff5fa5674fc34419d7c9cc87ea763487aefc5d319b4a5","/static/media/logo.6ce24c58023cc2f8fd88fe9d219db6c6.svg":"ac1a3d8899432561573d6a5cf56459437c09b902599a1deb91c0f8d4bb40459d","/static/media/col_1_5.df1208b8e1043192ba75.jpg":"dfc65e9b735eea6273fc5677df9d08e7d644102b5d104a206204b9fbb08cf19f","/static/media/col_2_4.4715a1a8a1cb2ab75104.jpg":"66901d3ebaf90fcf54c3b694ef16e212d6dfa189f88c25b34c1294e43dfed4c5","/static/media/col_1_4.19550a8818e93316ffd6.jpg":"6de50422964a16ce6eb2cbf2a3d9e25216b2f8f38487e2864803e126249032fb","/static/media/col_1_6.116477ad1c5134f1c9b7.jpg":"4c805d38945957a698e3ef42543d0d12608e1062f5280d9680735bdde3908973","/static/media/col_2_1.7170e23ba23ead4b0857.jpg":"6279dcff81630f772cf0048177865aa2f27c729951794202145e4159553044ab","/static/media/col_2_2.13b1a162ef12d27647ff.jpg":"c603d4fb41e052371587f3036fe17ea6f0bdd8faf4675069c4cc519b9e177ba2","/static/media/col_3_3.014c2dda9e08e49566de.jpg":"6947db60a7dc65ce303884fd6bbcf99bb40a347fdd4bcc0f57035f8f855536a0","/static/media/col_3_2.3db11995edfa02e4b2f3.jpg":"9983556adb3f627ed0266e4b96ac436c7048ff91372aef94ddaa5efb41fc3c9f","/static/media/col_3_4.1c404dca35aaefbfae9e.jpg":"c488e09815cd21a339b09b6cfabfd999f6cd6d5b73e88543b8e662f38c3d46ce","/static/media/col_3_5.01f06dfafb1315abd279.jpg":"fd4cc14d98da8bd35a42bae8ba319e5cabd0fb6cf3623bf96e87c47c5560b378","/static/media/col_1_2.93088a6504d76d1fa9f0.jpg":"807f1b9649a308360dd8ed558be949bbdc6b3fea1cf12af6e9f090848e26ac2e","/static/media/col_1_3.19f1071753c53da0d481.jpg":"d1b39219e03700fea48c58aab749623845fa1b03a14524c2aa347d5b7bccffc2","/static/media/col_2_5.30c523f984d5a979cae9.jpg":"0e89f97165e374b04806cf358d5d7a42862dd8451618842a839300fc27c02958","/static/media/col_2_3.4c121116281df0bb4135.jpg":"8e23c344b51c690250bc64d7d1835cd2923264f7e9932cb288dc54e39a61b596","/static/media/col_3_6.3e4f3d76400d8885dd55.jpg":"0a66007b3bc282f434de515a3b573ce3178e32920dda392f3c826d66df6501f9","/static/media/col_3_1.d2d5c049ae74bfc2b6d8.jpg":"76f0a6e695f19bc20c02d6ead17917e06135a2306efb92198bebbefea5120ab3","/static/media/col_1_1.bcc5655fe1bbd589c9ba.jpg":"188ff859a935f0c731a585eb812a7586e9c999c87b96187606a96c1d7a02d8de","/static/js/main.6765e0f0.js":"574ed2a4dfaeaec7f33e63b5315cb22b849812217f74ad2af275af1da3b4a729","/static/media/banner4.3072957e5d1b860eaf27.png":"fb1cfebd3231495011ca341623e0884600eb95ade182b40651bb2445453555a0","/static/media/banner3.2468ba64579b98e29212.png":"d3c5382d52331784cdcb4311378c5cb858c87072d957561035402128dfa31d5b","/static/media/banner5.adfe327716861033cb45.png":"25a33e01f2e5892c75235ac1a30651061412f13198936ac2f9085f8a5db49c6c","/static/media/banner1.784eee089a1dc0a7710c.png":"6e22f43a5f61afe0fb7c58ffe3d2bf9a3f040792977ce4797255b8066af6b051","/static/media/banner2.07ba35ee3b183b540ecd.png":"d16a9825b24fdbf0e44ac8629b7195c8558925c9990d0e7c52a20d3dc58bcc87","/static/media/banner6.41095e00b7094d6432ab.png":"3c87c0a07d78fdac3551e402590ffaa6a1601cd192c7d2b0bc72d0e186b152ca","/static/js/main.6765e0f0.js.map":"b90acb4f2e1cc126b07e8b1dc5c97a132fc42b84cec93ef5e3890c2c5c040546"}}
[debug] [2022-04-18T15:01:33.483Z] <<< [apiv2][status] POST https://firebasehosting.googleapis.com/v1beta1/projects/451172344754/sites/independent-service-prov-34e04/versions/eac2b4ec329372b2:populateFiles 200
[debug] [2022-04-18T15:01:33.483Z] <<< [apiv2][body] POST https://firebasehosting.googleapis.com/v1beta1/projects/451172344754/sites/independent-service-prov-34e04/versions/eac2b4ec329372b2:populateFiles {"uploadRequiredHashes":["b90acb4f2e1cc126b07e8b1dc5c97a132fc42b84cec93ef5e3890c2c5c040546","ff950f6f57b6abdac57f494b7f9e0990d891304dd195f72b57c4c73792a447d2","66fea5f4b700921208cff5fa5674fc34419d7c9cc87ea763487aefc5d319b4a5","574ed2a4dfaeaec7f33e63b5315cb22b849812217f74ad2af275af1da3b4a729","33274d906b778e2ca88945639d6bae91a9140d5dc03dd4c49a93785c090264c0","d59f343038ca8078df2839431b7009ea0518e4ed8a1f8edd0914c6a3d3bccf48","70bd27603c20455ff5d7ac63c23639f17526b3149e43c3c3300a1a29acb128b3","830a59343a81a5475bf20a7507f7ca767e31c38bd93f448a6a97293b359cd6e3"],"uploadUrl":"https://upload-firebasehosting.googleapis.com/upload/sites/independent-service-prov-34e04/versions/eac2b4ec329372b2/files"}
[debug] [2022-04-18T15:01:33.484Z] >>> [apiv2][query] POST https://upload-firebasehosting.googleapis.com/upload/sites/independent-service-prov-34e04/versions/eac2b4ec329372b2/files/b90acb4f2e1cc126b07e8b1dc5c97a132fc42b84cec93ef5e3890c2c5c040546 [none]
[debug] [2022-04-18T15:01:33.485Z] >>> [apiv2][body] POST https://upload-firebasehosting.googleapis.com/upload/sites/independent-service-prov-34e04/versions/eac2b4ec329372b2/files/b90acb4f2e1cc126b07e8b1dc5c97a132fc42b84cec93ef5e3890c2c5c040546 [stream]
[debug] [2022-04-18T15:01:33.486Z] >>> [apiv2][query] POST https://upload-firebasehosting.googleapis.com/upload/sites/independent-service-prov-34e04/versions/eac2b4ec329372b2/files/ff950f6f57b6abdac57f494b7f9e0990d891304dd195f72b57c4c73792a447d2 [none]
[debug] [2022-04-18T15:01:33.486Z] >>> [apiv2][body] POST https://upload-firebasehosting.googleapis.com/upload/sites/independent-service-prov-34e04/versions/eac2b4ec329372b2/files/ff950f6f57b6abdac57f494b7f9e0990d891304dd195f72b57c4c73792a447d2 [stream]
[debug] [2022-04-18T15:01:33.487Z] >>> [apiv2][query] POST https://upload-firebasehosting.googleapis.com/upload/sites/independent-service-prov-34e04/versions/eac2b4ec329372b2/files/66fea5f4b700921208cff5fa5674fc34419d7c9cc87ea763487aefc5d319b4a5 [none]
[debug] [2022-04-18T15:01:33.487Z] >>> [apiv2][body] POST https://upload-firebasehosting.googleapis.com/upload/sites/independent-service-prov-34e04/versions/eac2b4ec329372b2/files/66fea5f4b700921208cff5fa5674fc34419d7c9cc87ea763487aefc5d319b4a5 [stream]
[debug] [2022-04-18T15:01:33.488Z] >>> [apiv2][query] POST https://upload-firebasehosting.googleapis.com/upload/sites/independent-service-prov-34e04/versions/eac2b4ec329372b2/files/574ed2a4dfaeaec7f33e63b5315cb22b849812217f74ad2af275af1da3b4a729 [none]
[debug] [2022-04-18T15:01:33.488Z] >>> [apiv2][body] POST https://upload-firebasehosting.googleapis.com/upload/sites/independent-service-prov-34e04/versions/eac2b4ec329372b2/files/574ed2a4dfaeaec7f33e63b5315cb22b849812217f74ad2af275af1da3b4a729 [stream]
[debug] [2022-04-18T15:01:33.489Z] >>> [apiv2][query] POST https://upload-firebasehosting.googleapis.com/upload/sites/independent-service-prov-34e04/versions/eac2b4ec329372b2/files/33274d906b778e2ca88945639d6bae91a9140d5dc03dd4c49a93785c090264c0 [none]
[debug] [2022-04-18T15:01:33.489Z] >>> [apiv2][body] POST https://upload-firebasehosting.googleapis.com/upload/sites/independent-service-prov-34e04/versions/eac2b4ec329372b2/files/33274d906b778e2ca88945639d6bae91a9140d5dc03dd4c49a93785c090264c0 [stream]
[debug] [2022-04-18T15:01:33.492Z] >>> [apiv2][query] POST https://upload-firebasehosting.googleapis.com/upload/sites/independent-service-prov-34e04/versions/eac2b4ec329372b2/files/d59f343038ca8078df2839431b7009ea0518e4ed8a1f8edd0914c6a3d3bccf48 [none]
[debug] [2022-04-18T15:01:33.492Z] >>> [apiv2][body] POST https://upload-firebasehosting.googleapis.com/upload/sites/independent-service-prov-34e04/versions/eac2b4ec329372b2/files/d59f343038ca8078df2839431b7009ea0518e4ed8a1f8edd0914c6a3d3bccf48 [stream]
[debug] [2022-04-18T15:01:33.493Z] >>> [apiv2][query] POST https://upload-firebasehosting.googleapis.com/upload/sites/independent-service-prov-34e04/versions/eac2b4ec329372b2/files/70bd27603c20455ff5d7ac63c23639f17526b3149e43c3c3300a1a29acb128b3 [none]
[debug] [2022-04-18T15:01:33.493Z] >>> [apiv2][body] POST https://upload-firebasehosting.googleapis.com/upload/sites/independent-service-prov-34e04/versions/eac2b4ec329372b2/files/70bd27603c20455ff5d7ac63c23639f17526b3149e43c3c3300a1a29acb128b3 [stream]
[debug] [2022-04-18T15:01:33.495Z] >>> [apiv2][query] POST https://upload-firebasehosting.googleapis.com/upload/sites/independent-service-prov-34e04/versions/eac2b4ec329372b2/files/830a59343a81a5475bf20a7507f7ca767e31c38bd93f448a6a97293b359cd6e3 [none]
[debug] [2022-04-18T15:01:33.495Z] >>> [apiv2][body] POST https://upload-firebasehosting.googleapis.com/upload/sites/independent-service-prov-34e04/versions/eac2b4ec329372b2/files/830a59343a81a5475bf20a7507f7ca767e31c38bd93f448a6a97293b359cd6e3 [stream]
[debug] [2022-04-18T15:01:33.496Z] [hosting][populate queue][FINAL] {"max":1881,"min":1881,"avg":1881,"active":0,"complete":1,"success":1,"errored":0,"retried":0,"total":1,"elapsed":1893}
[debug] [2022-04-18T15:01:33.496Z] [hosting] uploads queued: 8
[debug] [2022-04-18T15:01:35.299Z] <<< [apiv2][status] POST https://upload-firebasehosting.googleapis.com/upload/sites/independent-service-prov-34e04/versions/eac2b4ec329372b2/files/66fea5f4b700921208cff5fa5674fc34419d7c9cc87ea763487aefc5d319b4a5 200
[debug] [2022-04-18T15:01:35.300Z] <<< [apiv2][body] POST https://upload-firebasehosting.googleapis.com/upload/sites/independent-service-prov-34e04/versions/eac2b4ec329372b2/files/66fea5f4b700921208cff5fa5674fc34419d7c9cc87ea763487aefc5d319b4a5 [stream]
[debug] [2022-04-18T15:01:35.301Z] <<< [apiv2][status] POST https://upload-firebasehosting.googleapis.com/upload/sites/independent-service-prov-34e04/versions/eac2b4ec329372b2/files/70bd27603c20455ff5d7ac63c23639f17526b3149e43c3c3300a1a29acb128b3 200
[debug] [2022-04-18T15:01:35.301Z] <<< [apiv2][body] POST https://upload-firebasehosting.googleapis.com/upload/sites/independent-service-prov-34e04/versions/eac2b4ec329372b2/files/70bd27603c20455ff5d7ac63c23639f17526b3149e43c3c3300a1a29acb128b3 [stream]
[debug] [2022-04-18T15:01:35.332Z] <<< [apiv2][status] POST https://upload-firebasehosting.googleapis.com/upload/sites/independent-service-prov-34e04/versions/eac2b4ec329372b2/files/830a59343a81a5475bf20a7507f7ca767e31c38bd93f448a6a97293b359cd6e3 200
[debug] [2022-04-18T15:01:35.332Z] <<< [apiv2][body] POST https://upload-firebasehosting.googleapis.com/upload/sites/independent-service-prov-34e04/versions/eac2b4ec329372b2/files/830a59343a81a5475bf20a7507f7ca767e31c38bd93f448a6a97293b359cd6e3 [stream]
[debug] [2022-04-18T15:01:35.768Z] <<< [apiv2][status] POST https://upload-firebasehosting.googleapis.com/upload/sites/independent-service-prov-34e04/versions/eac2b4ec329372b2/files/d59f343038ca8078df2839431b7009ea0518e4ed8a1f8edd0914c6a3d3bccf48 200
[debug] [2022-04-18T15:01:35.768Z] <<< [apiv2][body] POST https://upload-firebasehosting.googleapis.com/upload/sites/independent-service-prov-34e04/versions/eac2b4ec329372b2/files/d59f343038ca8078df2839431b7009ea0518e4ed8a1f8edd0914c6a3d3bccf48 [stream]
[debug] [2022-04-18T15:01:35.908Z] <<< [apiv2][status] POST https://upload-firebasehosting.googleapis.com/upload/sites/independent-service-prov-34e04/versions/eac2b4ec329372b2/files/33274d906b778e2ca88945639d6bae91a9140d5dc03dd4c49a93785c090264c0 200
[debug] [2022-04-18T15:01:35.908Z] <<< [apiv2][body] POST https://upload-firebasehosting.googleapis.com/upload/sites/independent-service-prov-34e04/versions/eac2b4ec329372b2/files/33274d906b778e2ca88945639d6bae91a9140d5dc03dd4c49a93785c090264c0 [stream]
[debug] [2022-04-18T15:01:35.911Z] <<< [apiv2][status] POST https://upload-firebasehosting.googleapis.com/upload/sites/independent-service-prov-34e04/versions/eac2b4ec329372b2/files/ff950f6f57b6abdac57f494b7f9e0990d891304dd195f72b57c4c73792a447d2 200
[debug] [2022-04-18T15:01:35.912Z] <<< [apiv2][body] POST https://upload-firebasehosting.googleapis.com/upload/sites/independent-service-prov-34e04/versions/eac2b4ec329372b2/files/ff950f6f57b6abdac57f494b7f9e0990d891304dd195f72b57c4c73792a447d2 [stream]
[debug] [2022-04-18T15:01:36.105Z] <<< [apiv2][status] POST https://upload-firebasehosting.googleapis.com/upload/sites/independent-service-prov-34e04/versions/eac2b4ec329372b2/files/574ed2a4dfaeaec7f33e63b5315cb22b849812217f74ad2af275af1da3b4a729 200
[debug] [2022-04-18T15:01:36.105Z] <<< [apiv2][body] POST https://upload-firebasehosting.googleapis.com/upload/sites/independent-service-prov-34e04/versions/eac2b4ec329372b2/files/574ed2a4dfaeaec7f33e63b5315cb22b849812217f74ad2af275af1da3b4a729 [stream]
[debug] [2022-04-18T15:01:37.884Z] <<< [apiv2][status] POST https://upload-firebasehosting.googleapis.com/upload/sites/independent-service-prov-34e04/versions/eac2b4ec329372b2/files/b90acb4f2e1cc126b07e8b1dc5c97a132fc42b84cec93ef5e3890c2c5c040546 200
[debug] [2022-04-18T15:01:37.884Z] <<< [apiv2][body] POST https://upload-firebasehosting.googleapis.com/upload/sites/independent-service-prov-34e04/versions/eac2b4ec329372b2/files/b90acb4f2e1cc126b07e8b1dc5c97a132fc42b84cec93ef5e3890c2c5c040546 [stream]
[debug] [2022-04-18T15:01:37.884Z] [hosting][upload queue][FINAL] {"max":4401,"min":1817,"avg":2455.25,"active":0,"complete":8,"success":8,"errored":0,"retried":0,"total":8,"elapsed":4401}
[info] +  hosting[independent-service-prov-34e04]: file upload complete 
[debug] [2022-04-18T15:01:37.885Z] [hosting] deploy completed after 6699ms
[debug] [2022-04-18T15:01:37.889Z] [
  {
    "config": {
      "public": "build",
      "ignore": [
        "firebase.json",
        "**/.*",
        "**/node_modules/**"
      ],
      "rewrites": [
        {
          "source": "**",
          "destination": "/index.html"
        }
      ],
      "site": "independent-service-prov-34e04"
    },
    "site": "independent-service-prov-34e04",
    "version": "projects/451172344754/sites/independent-service-prov-34e04/versions/eac2b4ec329372b2"
  }
]
[info] i  hosting[independent-service-prov-34e04]: finalizing version... 
[debug] [2022-04-18T15:01:37.891Z] >>> [apiv2][query] PATCH https://firebasehosting.googleapis.com/v1beta1/projects/451172344754/sites/independent-service-prov-34e04/versions/eac2b4ec329372b2 updateMask=status
[debug] [2022-04-18T15:01:37.891Z] >>> [apiv2][body] PATCH https://firebasehosting.googleapis.com/v1beta1/projects/451172344754/sites/independent-service-prov-34e04/versions/eac2b4ec329372b2 {"status":"FINALIZED"}
[debug] [2022-04-18T15:01:39.683Z] <<< [apiv2][status] PATCH https://firebasehosting.googleapis.com/v1beta1/projects/451172344754/sites/independent-service-prov-34e04/versions/eac2b4ec329372b2 200
[debug] [2022-04-18T15:01:39.683Z] <<< [apiv2][body] PATCH https://firebasehosting.googleapis.com/v1beta1/projects/451172344754/sites/independent-service-prov-34e04/versions/eac2b4ec329372b2 {"name":"projects/451172344754/sites/independent-service-prov-34e04/versions/eac2b4ec329372b2","status":"FINALIZED","config":{"rewrites":[{"glob":"**","path":"/index.html"}]},"labels":{"deployment-tool":"cli-firebase"},"createTime":"2022-04-18T15:01:31.503312Z","createUser":{"email":"hhera1413@gmail.com"},"finalizeTime":"2022-04-18T15:01:40.244525Z","finalizeUser":{"email":"hhera1413@gmail.com"}}
[debug] [2022-04-18T15:01:39.683Z] [hosting] finalized version for independent-service-prov-34e04:[object Object]
[info] +  hosting[independent-service-prov-34e04]: version finalized 
[info] i  hosting[independent-service-prov-34e04]: releasing new version... 
[debug] [2022-04-18T15:01:39.685Z] >>> [apiv2][query] POST https://firebasehosting.googleapis.com/v1beta1/projects/451172344754/sites/independent-service-prov-34e04/releases versionName=projects%2F451172344754%2Fsites%2Findependent-service-prov-34e04%2Fversions%2Feac2b4ec329372b2
[debug] [2022-04-18T15:01:39.685Z] >>> [apiv2][body] POST https://firebasehosting.googleapis.com/v1beta1/projects/451172344754/sites/independent-service-prov-34e04/releases {"message":null}
[debug] [2022-04-18T15:01:41.490Z] <<< [apiv2][status] POST https://firebasehosting.googleapis.com/v1beta1/projects/451172344754/sites/independent-service-prov-34e04/releases 200
[debug] [2022-04-18T15:01:41.490Z] <<< [apiv2][body] POST https://firebasehosting.googleapis.com/v1beta1/projects/451172344754/sites/independent-service-prov-34e04/releases {"name":"projects/451172344754/sites/independent-service-prov-34e04/releases/1650294101480851","version":{"name":"projects/451172344754/sites/independent-service-prov-34e04/versions/eac2b4ec329372b2","status":"FINALIZED","config":{"rewrites":[{"glob":"**","path":"/index.html"}]},"labels":{"deployment-tool":"cli-firebase"},"createTime":"2022-04-18T15:01:31.503312Z","createUser":{"email":"hhera1413@gmail.com","imageUrl":"https://lh3.googleusercontent.com/a-/AOh14GikJabocL6aNLuarM7KiDxEWXaNxj6dYeNCpkgj"},"finalizeTime":"2022-04-18T15:01:40.244525Z","finalizeUser":{"email":"hhera1413@gmail.com","imageUrl":"https://lh3.googleusercontent.com/a-/AOh14GikJabocL6aNLuarM7KiDxEWXaNxj6dYeNCpkgj"}},"type":"DEPLOY","releaseTime":"2022-04-18T15:01:41.480851484Z","releaseUser":{"email":"hhera1413@gmail.com","imageUrl":"https://lh3.googleusercontent.com/a-/AOh14GikJabocL6aNLuarM7KiDxEWXaNxj6dYeNCpkgj"}}
[debug] [2022-04-18T15:01:41.491Z] [hosting] release: {"name":"projects/451172344754/sites/independent-service-prov-34e04/releases/1650294101480851","version":{"name":"projects/451172344754/sites/independent-service-prov-34e04/versions/eac2b4ec329372b2","status":"FINALIZED","config":{"rewrites":[{"glob":"**","path":"/index.html"}]},"labels":{"deployment-tool":"cli-firebase"},"createTime":"2022-04-18T15:01:31.503312Z","createUser":{"email":"hhera1413@gmail.com","imageUrl":"https://lh3.googleusercontent.com/a-/AOh14GikJabocL6aNLuarM7KiDxEWXaNxj6dYeNCpkgj"},"finalizeTime":"2022-04-18T15:01:40.244525Z","finalizeUser":{"email":"hhera1413@gmail.com","imageUrl":"https://lh3.googleusercontent.com/a-/AOh14GikJabocL6aNLuarM7KiDxEWXaNxj6dYeNCpkgj"}},"type":"DEPLOY","releaseTime":"2022-04-18T15:01:41.480851484Z","releaseUser":{"email":"hhera1413@gmail.com","imageUrl":"https://lh3.googleusercontent.com/a-/AOh14GikJabocL6aNLuarM7KiDxEWXaNxj6dYeNCpkgj"}}
[info] +  hosting[independent-service-prov-34e04]: release complete 
